<?xml version="1.0" encoding="UTF-8"?>
<!-- Generated by org.testng.reporters.JUnitXMLReporter -->
<testsuite ignored="0" hostname="LAPTOP-UF9A8OM1" failures="0" tests="14" name="Default test" time="0.278" errors="0" timestamp="2022-05-25T00:03:16 EDT">
  <testcase classname="test.day4" name="MobileLoginCarLoan" time="0.028"/>
  <testcase classname="test.day4" name="WebLoginCarLoan" time="0.003"/>
  <testcase classname="test.day4" name="ApiLoginCarLoan" time="0.012"/>
  <testcase classname="test.day4" name="apicarloan" time="0.003"/>
  <testcase classname="test.day2" name="Demo" time="0.004"/>
  <testcase classname="test.day2" name="Demo2" time="0.002"/>
  <testcase classname="test.day2" name="personal_car_loan" time="0.002"/>
  <testcase classname="test.day2" name="personal_home_loan" time="0.009"/>
  <testcase classname="test.day3" name="ApiLoginHomeLoan" time="0.002"/>
  <testcase classname="test.day3" name="Mobile1" time="0.002"/>
  <testcase classname="test.day3" name="Mobile12" time="0.002"/>
  <testcase classname="test.day3" name="MobileLoginHomeLoan" time="0.001"/>
  <testcase classname="test.day3" name="WebLoginHomeLoan" time="0.002"/>
  <testcase classname="test.day1" name="Demo" time="0.001"/>
</testsuite> <!-- Default test -->
