<?xml version="1.0" encoding="UTF-8"?>
<!-- Generated by org.testng.reporters.JUnitXMLReporter -->
<testsuite ignored="0" hostname="LAPTOP-UF9A8OM1" failures="0" tests="3" name="Default test" time="0.078" errors="0" timestamp="2022-05-24T14:54:00 EDT">
  <testcase classname="test.day4" name="ApiLoginCarLoan" time="0.014"/>
  <testcase classname="test.day4" name="MobileLoginCarLoan" time="0.003"/>
  <testcase classname="test.day4" name="WebLoginCarLoan" time="0.003"/>
</testsuite> <!-- Default test -->
