<?xml version="1.0" encoding="UTF-8"?>
<!-- Generated by org.testng.reporters.JUnitXMLReporter -->
<testsuite ignored="1" hostname="LAPTOP-UF9A8OM1" failures="0" tests="4" name="Car Loan" time="0.029" errors="0" timestamp="2022-05-25T00:26:05 EDT">
  <testcase classname="test.day4" name="WebLoginCarLoan" time="0.003"/>
  <testcase classname="test.day4" name="khemWebLoginCarLoan" time="0.002"/>
  <testcase classname="test.day4" name="ApiLoginCarLoan" time="0.001"/>
  <testcase classname="test.day4" name="apicarloan" time="0.004"/>
  <testcase classname="test.day4" name="MobileLoginCarLoan" time="0.0">
    <ignored/>
  </testcase> <!-- MobileLoginCarLoan -->
</testsuite> <!-- Car Loan -->
