<?xml version="1.0" encoding="UTF-8"?>
<!-- Generated by org.testng.reporters.JUnitXMLReporter -->
<testsuite ignored="7" hostname="LAPTOP-UF9A8OM1" failures="0" tests="5" name="Personal Loan" time="0.189" errors="0" timestamp="2022-05-25T14:54:33 EDT">
  <testcase classname="test.day1" name="Demo" time="0.019"/>
  <testcase classname="test.day2" name="personal_car_loan" time="0.004"/>
  <testcase classname="test.day2" name="personal_home_loan" time="0.005"/>
  <testcase classname="test.day3" name="ApiLoginHomeLoan" time="0.003"/>
  <testcase classname="test.day3" name="WebLoginHomeLoan" time="0.003"/>
  <testcase classname="test.day3" name="MobileSigninCarLoan" time="0.0">
    <ignored/>
  </testcase> <!-- MobileSigninCarLoan -->
  <testcase classname="test.day3" name="Mobile12" time="0.0">
    <ignored/>
  </testcase> <!-- Mobile12 -->
  <testcase classname="test.day3" name="MobileSigninHomeLoan" time="0.0">
    <ignored/>
  </testcase> <!-- MobileSigninHomeLoan -->
  <testcase classname="test.day3" name="Mobile1" time="0.0">
    <ignored/>
  </testcase> <!-- Mobile1 -->
  <testcase classname="test.day3" name="MobileLoginHomeLoan" time="0.0">
    <ignored/>
  </testcase> <!-- MobileLoginHomeLoan -->
  <testcase classname="test.day2" name="Demo" time="0.0">
    <ignored/>
  </testcase> <!-- Demo -->
  <testcase classname="test.day2" name="Demo2" time="0.0">
    <ignored/>
  </testcase> <!-- Demo2 -->
</testsuite> <!-- Personal Loan -->
