<?xml version="1.0" encoding="UTF-8"?>
<!-- Generated by org.testng.reporters.JUnitXMLReporter -->
<testsuite ignored="5" hostname="LAPTOP-UF9A8OM1" failures="0" tests="5" name="Personal Loan" time="0.208" errors="0" timestamp="2022-05-24T23:39:49 EDT">
  <testcase classname="test.day1" name="Demo" time="0.023"/>
  <testcase classname="test.day2" name="personal_car_loan" time="0.002"/>
  <testcase classname="test.day2" name="personal_home_loan" time="0.003"/>
  <testcase classname="test.day3" name="ApiLoginHomeLoan" time="0.004"/>
  <testcase classname="test.day3" name="WebLoginHomeLoan" time="0.013"/>
  <testcase classname="test.day3" name="Mobile12" time="0.0">
    <ignored/>
  </testcase> <!-- Mobile12 -->
  <testcase classname="test.day3" name="Mobile1" time="0.0">
    <ignored/>
  </testcase> <!-- Mobile1 -->
  <testcase classname="test.day3" name="MobileLoginHomeLoan" time="0.0">
    <ignored/>
  </testcase> <!-- MobileLoginHomeLoan -->
  <testcase classname="test.day2" name="Demo" time="0.0">
    <ignored/>
  </testcase> <!-- Demo -->
  <testcase classname="test.day2" name="Demo2" time="0.0">
    <ignored/>
  </testcase> <!-- Demo2 -->
</testsuite> <!-- Personal Loan -->
