<?xml version="1.0" encoding="UTF-8"?>
<!-- Generated by org.testng.reporters.JUnitXMLReporter -->
<testsuite ignored="10" hostname="LAPTOP-UF9A8OM1" failures="0" tests="3" name="Regression" time="0.166" errors="0" timestamp="2022-05-24T23:55:59 EDT">
  <testcase classname="test.day1" name="Demo" time="0.028"/>
  <testcase classname="test.day2" name="Demo2" time="0.003"/>
  <testcase classname="test.day2" name="personal_home_loan" time="0.005"/>
  <testcase classname="test.day2" name="personal_car_loan" time="0.0">
    <ignored/>
  </testcase> <!-- personal_car_loan -->
  <testcase classname="test.day3" name="ApiLoginHomeLoan" time="0.0">
    <ignored/>
  </testcase> <!-- ApiLoginHomeLoan -->
  <testcase classname="test.day3" name="Mobile12" time="0.0">
    <ignored/>
  </testcase> <!-- Mobile12 -->
  <testcase classname="test.day3" name="Mobile1" time="0.0">
    <ignored/>
  </testcase> <!-- Mobile1 -->
  <testcase classname="test.day3" name="WebLoginHomeLoan" time="0.0">
    <ignored/>
  </testcase> <!-- WebLoginHomeLoan -->
  <testcase classname="test.day4" name="WebLoginCarLoan" time="0.0">
    <ignored/>
  </testcase> <!-- WebLoginCarLoan -->
  <testcase classname="test.day3" name="MobileLoginHomeLoan" time="0.0">
    <ignored/>
  </testcase> <!-- MobileLoginHomeLoan -->
  <testcase classname="test.day4" name="ApiLoginCarLoan" time="0.0">
    <ignored/>
  </testcase> <!-- ApiLoginCarLoan -->
  <testcase classname="test.day2" name="Demo" time="0.0">
    <ignored/>
  </testcase> <!-- Demo -->
  <testcase classname="test.day4" name="MobileLoginCarLoan" time="0.0">
    <ignored/>
  </testcase> <!-- MobileLoginCarLoan -->
</testsuite> <!-- Regression -->
